<?xml version="1.0" encoding="UTF-8"?>
<!-- Generated by org.testng.reporters.JUnitXMLReporter -->
<testsuite ignored="0" hostname="DESKTOP-V67KR6L" failures="0" tests="3" name="Default test" time="5.228" errors="0" timestamp="2022-02-20T20:46:54 EST">
  <testcase classname="apiTests.PetStoreAPI_Tests" name="createAPet" time="4.458"/>
  <testcase classname="apiTests.PetStoreAPI_Tests" name="getPetByID" time="0.329"/>
  <testcase classname="apiTests.PetStoreAPI_Tests" name="justPrintingSomehing" time="0.316"/>
</testsuite> <!-- Default test -->
