<?xml version="1.0" encoding="UTF-8"?>
<testng-results ignored="0" total="3" passed="3" failed="0" skipped="0">
  <reporter-output>
  </reporter-output>
  <suite started-at="2022-02-20T20:46:49 EST" name="Default suite" finished-at="2022-02-20T20:46:54 EST" duration-ms="5228">
    <groups>
    </groups>
    <test started-at="2022-02-20T20:46:49 EST" name="Default test" finished-at="2022-02-20T20:46:54 EST" duration-ms="5228">
      <class name="apiTests.PetStoreAPI_Tests">
        <test-method is-config="true" signature="beforeMethod()[pri:0, instance:apiTests.PetStoreAPI_Tests@1ddf84b8]" started-at="2022-02-20T20:46:49 EST" name="beforeMethod" finished-at="2022-02-20T20:46:49 EST" duration-ms="22" status="PASS">
          <reporter-output>
          </reporter-output>
        </test-method> <!-- beforeMethod -->
        <test-method signature="createAPet()[pri:0, instance:apiTests.PetStoreAPI_Tests@1ddf84b8]" started-at="2022-02-20T20:46:49 EST" name="createAPet" finished-at="2022-02-20T20:46:54 EST" duration-ms="4458" status="PASS">
          <reporter-output>
          </reporter-output>
        </test-method> <!-- createAPet -->
        <test-method is-config="true" signature="beforeMethod()[pri:0, instance:apiTests.PetStoreAPI_Tests@1ddf84b8]" started-at="2022-02-20T20:46:54 EST" name="beforeMethod" finished-at="2022-02-20T20:46:54 EST" duration-ms="1" status="PASS">
          <reporter-output>
          </reporter-output>
        </test-method> <!-- beforeMethod -->
        <test-method signature="getPetByID()[pri:0, instance:apiTests.PetStoreAPI_Tests@1ddf84b8]" started-at="2022-02-20T20:46:54 EST" name="getPetByID" finished-at="2022-02-20T20:46:54 EST" duration-ms="329" status="PASS">
          <reporter-output>
          </reporter-output>
        </test-method> <!-- getPetByID -->
        <test-method is-config="true" signature="beforeMethod()[pri:0, instance:apiTests.PetStoreAPI_Tests@1ddf84b8]" started-at="2022-02-20T20:46:54 EST" name="beforeMethod" finished-at="2022-02-20T20:46:54 EST" duration-ms="1" status="PASS">
          <reporter-output>
          </reporter-output>
        </test-method> <!-- beforeMethod -->
        <test-method signature="justPrintingSomehing()[pri:0, instance:apiTests.PetStoreAPI_Tests@1ddf84b8]" started-at="2022-02-20T20:46:54 EST" name="justPrintingSomehing" finished-at="2022-02-20T20:46:54 EST" duration-ms="316" status="PASS">
          <reporter-output>
          </reporter-output>
        </test-method> <!-- justPrintingSomehing -->
      </class> <!-- apiTests.PetStoreAPI_Tests -->
    </test> <!-- Default test -->
  </suite> <!-- Default suite -->
</testng-results>
